This is pdfTeX, Version 3.141592653-2.6-1.40.26 (MiKTeX 24.4) (preloaded format=pdflatex 2024.12.8)  12 JAN 2025 23:35
entering extended mode
 restricted \write18 enabled.
 file:line:error style messages enabled.
 %&-line parsing enabled.
**c:/Users/Marcin/foeda3/main.tex
(c:/Users/Marcin/foeda3/main.tex
LaTeX2e <2024-11-01>
L3 programming layer <2024-11-02>
(C:\Users\Marcin\AppData\Local\Programs\MiKTeX\tex/latex/base\article.cls
Document Class: article 2024/06/29 v1.4n Standard LaTeX document class
(C:\Users\Marcin\AppData\Local\Programs\MiKTeX\tex/latex/base\size12.clo
File: size12.clo 2024/06/29 v1.4n Standard LaTeX file (size option)
)
\c@part=\count196
\c@section=\count197
\c@subsection=\count198
\c@subsubsection=\count199
\c@paragraph=\count266
\c@subparagraph=\count267
\c@figure=\count268
\c@table=\count269
\abovecaptionskip=\skip49
\belowcaptionskip=\skip50
\bibindent=\dimen141
) (C:\Users\Marcin\AppData\Local\Programs\MiKTeX\tex/latex/geometry\geometry.sty
Package: geometry 2020/01/02 v5.9 Page Geometry
 (C:\Users\Marcin\AppData\Local\Programs\MiKTeX\tex/latex/graphics\keyval.sty
Package: keyval 2022/05/29 v1.15 key=value parser (DPC)
\KV@toks@=\toks17
) (C:\Users\Marcin\AppData\Local\Programs\MiKTeX\tex/generic/iftex\ifvtex.sty
Package: ifvtex 2019/10/25 v1.7 ifvtex legacy package. Use iftex instead.
 (C:\Users\Marcin\AppData\Local\Programs\MiKTeX\tex/generic/iftex\iftex.sty
Package: iftex 2022/02/03 v1.0f TeX engine tests
))
\Gm@cnth=\count270
\Gm@cntv=\count271
\c@Gm@tempcnt=\count272
\Gm@bindingoffset=\dimen142
\Gm@wd@mp=\dimen143
\Gm@odd@mp=\dimen144
\Gm@even@mp=\dimen145
\Gm@layoutwidth=\dimen146
\Gm@layoutheight=\dimen147
\Gm@layouthoffset=\dimen148
\Gm@layoutvoffset=\dimen149
\Gm@dimlist=\toks18
 (C:\Users\Marcin\AppData\Local\Programs\MiKTeX\tex/latex/geometry\geometry.cfg)) (C:\Users\Marcin\AppData\Local\Programs\MiKTeX\tex/latex/graphics\graphicx.sty
Package: graphicx 2021/09/16 v1.2d Enhanced LaTeX Graphics (DPC,SPQR)
 (C:\Users\Marcin\AppData\Local\Programs\MiKTeX\tex/latex/graphics\graphics.sty
Package: graphics 2024/08/06 v1.4g Standard LaTeX Graphics (DPC,SPQR)
 (C:\Users\Marcin\AppData\Local\Programs\MiKTeX\tex/latex/graphics\trig.sty
Package: trig 2023/12/02 v1.11 sin cos tan (DPC)
) (C:\Users\Marcin\AppData\Local\Programs\MiKTeX\tex/latex/graphics-cfg\graphics.cfg
File: graphics.cfg 2016/06/04 v1.11 sample graphics configuration
)
Package graphics Info: Driver file: pdftex.def on input line 106.
 (C:\Users\Marcin\AppData\Local\Programs\MiKTeX\tex/latex/graphics-def\pdftex.def
File: pdftex.def 2024/04/13 v1.2c Graphics/color driver for pdftex
))
\Gin@req@height=\dimen150
\Gin@req@width=\dimen151
) (C:\Users\Marcin\AppData\Local\Programs\MiKTeX\tex/latex/amsmath\amsmath.sty
Package: amsmath 2024/11/05 v2.17t AMS math features
\@mathmargin=\skip51

For additional information on amsmath, use the `?' option.
(C:\Users\Marcin\AppData\Local\Programs\MiKTeX\tex/latex/amsmath\amstext.sty
Package: amstext 2021/08/26 v2.01 AMS text
 (C:\Users\Marcin\AppData\Local\Programs\MiKTeX\tex/latex/amsmath\amsgen.sty
File: amsgen.sty 1999/11/30 v2.0 generic functions
\@emptytoks=\toks19
\ex@=\dimen152
)) (C:\Users\Marcin\AppData\Local\Programs\MiKTeX\tex/latex/amsmath\amsbsy.sty
Package: amsbsy 1999/11/29 v1.2d Bold Symbols
\pmbraise@=\dimen153
) (C:\Users\Marcin\AppData\Local\Programs\MiKTeX\tex/latex/amsmath\amsopn.sty
Package: amsopn 2022/04/08 v2.04 operator names
)
\inf@bad=\count273
LaTeX Info: Redefining \frac on input line 233.
\uproot@=\count274
\leftroot@=\count275
LaTeX Info: Redefining \overline on input line 398.
LaTeX Info: Redefining \colon on input line 409.
\classnum@=\count276
\DOTSCASE@=\count277
LaTeX Info: Redefining \ldots on input line 495.
LaTeX Info: Redefining \dots on input line 498.
LaTeX Info: Redefining \cdots on input line 619.
\Mathstrutbox@=\box52
\strutbox@=\box53
LaTeX Info: Redefining \big on input line 721.
LaTeX Info: Redefining \Big on input line 722.
LaTeX Info: Redefining \bigg on input line 723.
LaTeX Info: Redefining \Bigg on input line 724.
\big@size=\dimen154
LaTeX Font Info:    Redeclaring font encoding OML on input line 742.
LaTeX Font Info:    Redeclaring font encoding OMS on input line 743.
\macc@depth=\count278
LaTeX Info: Redefining \bmod on input line 904.
LaTeX Info: Redefining \pmod on input line 909.
LaTeX Info: Redefining \smash on input line 939.
LaTeX Info: Redefining \relbar on input line 969.
LaTeX Info: Redefining \Relbar on input line 970.
\c@MaxMatrixCols=\count279
\dotsspace@=\muskip17
\c@parentequation=\count280
\dspbrk@lvl=\count281
\tag@help=\toks20
\row@=\count282
\column@=\count283
\maxfields@=\count284
\andhelp@=\toks21
\eqnshift@=\dimen155
\alignsep@=\dimen156
\tagshift@=\dimen157
\tagwidth@=\dimen158
\totwidth@=\dimen159
\lineht@=\dimen160
\@envbody=\toks22
\multlinegap=\skip52
\multlinetaggap=\skip53
\mathdisplay@stack=\toks23
LaTeX Info: Redefining \[ on input line 2953.
LaTeX Info: Redefining \] on input line 2954.
) (C:\Users\Marcin\AppData\Local\Programs\MiKTeX\tex/latex/float\float.sty
Package: float 2001/11/08 v1.3d Float enhancements (AL)
\c@float@type=\count285
\float@exts=\toks24
\float@box=\box54
\@float@everytoks=\toks25
\@floatcapt=\box55
) (C:\Users\Marcin\AppData\Local\Programs\MiKTeX\tex/latex/l3backend\l3backend-pdftex.def
File: l3backend-pdftex.def 2024-05-08 L3 backend support: PDF output (pdfTeX)
\l__color_backend_stack_int=\count286
\l__pdf_internal_box=\box56
)

LaTeX Warning: Unused global option(s):
    [bibliography].

(main.aux)
\openout1 = `main.aux'.

LaTeX Font Info:    Checking defaults for OML/cmm/m/it on input line 6.
LaTeX Font Info:    ... okay on input line 6.
LaTeX Font Info:    Checking defaults for OMS/cmsy/m/n on input line 6.
LaTeX Font Info:    ... okay on input line 6.
LaTeX Font Info:    Checking defaults for OT1/cmr/m/n on input line 6.
LaTeX Font Info:    ... okay on input line 6.
LaTeX Font Info:    Checking defaults for T1/cmr/m/n on input line 6.
LaTeX Font Info:    ... okay on input line 6.
LaTeX Font Info:    Checking defaults for TS1/cmr/m/n on input line 6.
LaTeX Font Info:    ... okay on input line 6.
LaTeX Font Info:    Checking defaults for OMX/cmex/m/n on input line 6.
LaTeX Font Info:    ... okay on input line 6.
LaTeX Font Info:    Checking defaults for U/cmr/m/n on input line 6.
LaTeX Font Info:    ... okay on input line 6.

*geometry* driver: auto-detecting
*geometry* detected driver: pdftex
*geometry* verbose mode - [ preamble ] result:
* driver: pdftex
* paper: a4paper
* layout: <same size as paper>
* layoutoffset:(h,v)=(0.0pt,0.0pt)
* modes: 
* h-part:(L,W,R)=(72.26999pt, 452.9679pt, 72.26999pt)
* v-part:(T,H,B)=(72.26999pt, 700.50687pt, 72.26999pt)
* \paperwidth=597.50787pt
* \paperheight=845.04684pt
* \textwidth=452.9679pt
* \textheight=700.50687pt
* \oddsidemargin=0.0pt
* \evensidemargin=0.0pt
* \topmargin=-37.0pt
* \headheight=12.0pt
* \headsep=25.0pt
* \topskip=12.0pt
* \footskip=30.0pt
* \marginparwidth=35.0pt
* \marginparsep=10.0pt
* \columnsep=10.0pt
* \skip\footins=10.8pt plus 4.0pt minus 2.0pt
* \hoffset=0.0pt
* \voffset=0.0pt
* \mag=1000
* \@twocolumnfalse
* \@twosidefalse
* \@mparswitchfalse
* \@reversemarginfalse
* (1in=72.27pt=25.4mm, 1cm=28.453pt)

(C:\Users\Marcin\AppData\Local\Programs\MiKTeX\tex/context/base/mkii\supp-pdf.mkii
[Loading MPS to PDF converter (version 2006.09.02).]
\scratchcounter=\count287
\scratchdimen=\dimen161
\scratchbox=\box57
\nofMPsegments=\count288
\nofMParguments=\count289
\everyMPshowfont=\toks26
\MPscratchCnt=\count290
\MPscratchDim=\dimen162
\MPnumerator=\count291
\makeMPintoPDFobject=\count292
\everyMPtoPDFconversion=\toks27
) (C:\Users\Marcin\AppData\Local\Programs\MiKTeX\tex/latex/epstopdf-pkg\epstopdf-base.sty
Package: epstopdf-base 2020-01-24 v2.11 Base part for package epstopdf
Package epstopdf-base Info: Redefining graphics rule for `.eps' on input line 485.
 (C:\Users\Marcin\AppData\Local\Programs\MiKTeX\tex/latex/00miktex\epstopdf-sys.cfg
File: epstopdf-sys.cfg 2021/03/18 v2.0 Configuration of epstopdf for MiKTeX
))

pdfTeX warning: pdflatex (file ./first_page.pdf): PDF inclusion: found PDF version <1.7>, but at most version <1.5> allowed
<first_page.pdf, id=1, 597.55246pt x 845.07724pt>
File: first_page.pdf Graphic file (type pdf)
<use first_page.pdf>
Package pdftex.def Info: first_page.pdf  used on input line 10.
(pdftex.def)             Requested size: 452.9679pt x 640.61484pt.

LaTeX Warning: Reference `instruction' on page 1 undefined on input line 15.



[1

{C:/Users/Marcin/AppData/Local/MiKTeX/fonts/map/pdftex/pdftex.map} <./first_page.pdf>]
Underfull \hbox (badness 10000) in paragraph at lines 24--26

 []


Underfull \hbox (badness 10000) in paragraph at lines 35--38

 []



[2]
Underfull \hbox (badness 10000) in paragraph at lines 87--88

 []


Overfull \hbox (5.45332pt too wide) in paragraph at lines 96--127
 [][] 
 []


LaTeX Warning: Reference `mass_uncertainty_A' on page 3 undefined on input line 129.


LaTeX Warning: Reference `mass_uncertainty_B' on page 3 undefined on input line 129.


LaTeX Warning: Reference `mass_uncertainty' on page 3 undefined on input line 129.


Overfull \hbox (35.059pt too wide) in paragraph at lines 133--154
 [][] 
 []



[3]
Underfull \hbox (badness 10000) in paragraph at lines 156--157

 []


LaTeX Warning: File `fig1.png' not found on input line 168.


c:/Users/Marcin/foeda3/main.tex:168: Package pdftex.def Error: File `fig1.png' not found: using draft setting.

See the pdftex.def package documentation for explanation.
Type  H <return>  for immediate help.
 ...                                              
                                                  
l.168 ...ludegraphics[width=1\textwidth]{fig1.png}
                                                  
Try typing  <return>  to proceed.
If that doesn't work, type  X <return>  to quit.



[4]
Underfull \hbox (badness 10000) in paragraph at lines 174--176

 []


LaTeX Warning: Reference `mass_uncertainty_A' on page 5 undefined on input line 184.


LaTeX Warning: Reference `mass_uncertainty_B' on page 5 undefined on input line 184.


LaTeX Warning: Reference `mass_uncertainty' on page 5 undefined on input line 184.


Underfull \hbox (badness 10000) in paragraph at lines 183--186

 []



[5]
Overfull \hbox (35.059pt too wide) in paragraph at lines 193--214
 [][] 
 []


LaTeX Warning: File `fig2.png' not found on input line 218.


c:/Users/Marcin/foeda3/main.tex:218: Package pdftex.def Error: File `fig2.png' not found: using draft setting.

See the pdftex.def package documentation for explanation.
Type  H <return>  for immediate help.
 ...                                              
                                                  
l.218 ...ludegraphics[width=1\textwidth]{fig2.png}
                                                  
Try typing  <return>  to proceed.
If that doesn't work, type  X <return>  to quit.



[6]

LaTeX Warning: Reference `slope_to_stiffness' on page 7 undefined on input line 227.


Underfull \hbox (badness 10000) in paragraph at lines 227--228

 []


Overfull \hbox (1.55894pt too wide) in paragraph at lines 235--256
 [][] 
 []


LaTeX Warning: File `fig3.png' not found on input line 259.


c:/Users/Marcin/foeda3/main.tex:259: Package pdftex.def Error: File `fig3.png' not found: using draft setting.

See the pdftex.def package documentation for explanation.
Type  H <return>  for immediate help.
 ...                                              
                                                  
l.259 ...ludegraphics[width=1\textwidth]{fig3.png}
                                                  
Try typing  <return>  to proceed.
If that doesn't work, type  X <return>  to quit.



[7]

[8]

LaTeX Warning: Reference `slope_to_stiffness' on page 9 undefined on input line 267.


Underfull \hbox (badness 10000) in paragraph at lines 266--268

 []


LaTeX Warning: Reference `mass_uncertainty_A' on page 9 undefined on input line 281.


LaTeX Warning: Reference `mass_uncertainty' on page 9 undefined on input line 281.


LaTeX Warning: Reference `mass_uncertainty_B' on page 9 undefined on input line 281.


Underfull \hbox (badness 10000) in paragraph at lines 279--282

 []


LaTeX Warning: File `fig4.png' not found on input line 287.


c:/Users/Marcin/foeda3/main.tex:287: Package pdftex.def Error: File `fig4.png' not found: using draft setting.

See the pdftex.def package documentation for explanation.
Type  H <return>  for immediate help.
 ...                                              
                                                  
l.287 ...ludegraphics[width=1\textwidth]{fig4.png}
                                                  
Try typing  <return>  to proceed.
If that doesn't work, type  X <return>  to quit.



[9]

LaTeX Warning: Reference `T_squered' on page 10 undefined on input line 291.


LaTeX Warning: Reference `T_squered' on page 10 undefined on input line 301.


Underfull \hbox (badness 10000) in paragraph at lines 299--302

 []


LaTeX Warning: Reference `slope_to_stiffness' on page 10 undefined on input line 306.


Underfull \hbox (badness 10000) in paragraph at lines 304--308

 []



[10]

LaTeX Warning: Reference `secound_spring_table_uncertainties' on page 11 undefined on input line 326.


Underfull \hbox (badness 10000) in paragraph at lines 325--336

 []


LaTeX Warning: Reference `system_spring_table_uncertainties' on page 11 undefined on input line 337.


Underfull \hbox (badness 10000) in paragraph at lines 352--354

 []



[11]

LaTeX Warning: Reference `k_with_pi' on page 12 undefined on input line 363.


LaTeX Warning: Reference `u(k)_eq' on page 12 undefined on input line 368.



[12]
<notes1.jpeg, id=76, 1084.05pt x 1927.2pt>
File: notes1.jpeg Graphic file (type jpg)
<use notes1.jpeg>
Package pdftex.def Info: notes1.jpeg  used on input line 413.
(pdftex.def)             Requested size: 226.48395pt x 402.63608pt.
<notes2.jpeg, id=77, 1084.05pt x 1927.2pt>
File: notes2.jpeg Graphic file (type jpg)
<use notes2.jpeg>
Package pdftex.def Info: notes2.jpeg  used on input line 417.
(pdftex.def)             Requested size: 226.48395pt x 402.63608pt.
<notes3.jpeg, id=78, 1084.05pt x 1927.2pt>
File: notes3.jpeg Graphic file (type jpg)
<use notes3.jpeg>
Package pdftex.def Info: notes3.jpeg  used on input line 421.
(pdftex.def)             Requested size: 226.48395pt x 402.63608pt.
<notes4.jpeg, id=79, 1084.05pt x 1927.2pt>
File: notes4.jpeg Graphic file (type jpg)
<use notes4.jpeg>
Package pdftex.def Info: notes4.jpeg  used on input line 425.
(pdftex.def)             Requested size: 226.48395pt x 402.63608pt.
<notes5.jpeg, id=80, 1084.05pt x 1927.2pt>
File: notes5.jpeg Graphic file (type jpg)
<use notes5.jpeg>
Package pdftex.def Info: notes5.jpeg  used on input line 429.
(pdftex.def)             Requested size: 226.48395pt x 402.63608pt.
<notes6.jpeg, id=81, 1084.05pt x 1927.2pt>
File: notes6.jpeg Graphic file (type jpg)
<use notes6.jpeg>
Package pdftex.def Info: notes6.jpeg  used on input line 433.
(pdftex.def)             Requested size: 226.48395pt x 402.63608pt.
<notes7.jpeg, id=82, 1084.05pt x 1927.2pt>
File: notes7.jpeg Graphic file (type jpg)
<use notes7.jpeg>
Package pdftex.def Info: notes7.jpeg  used on input line 437.
(pdftex.def)             Requested size: 226.48395pt x 402.63608pt.
<notes8.jpeg, id=83, 1084.05pt x 1927.2pt>
File: notes8.jpeg Graphic file (type jpg)
<use notes8.jpeg>
Package pdftex.def Info: notes8.jpeg  used on input line 441.
(pdftex.def)             Requested size: 226.48395pt x 402.63608pt.


[13 <./notes1.jpeg>]

[14 <./notes2.jpeg>]

[15 <./notes3.jpeg>]

[16 <./notes4.jpeg>]

[17 <./notes5.jpeg>]

[18 <./notes6.jpeg>]

[19 <./notes7.jpeg>]

[20 <./notes8.jpeg>] (main.aux)
 ***********
LaTeX2e <2024-11-01>
L3 programming layer <2024-11-02>
 ***********


LaTeX Warning: There were undefined references.


LaTeX Warning: Label(s) may have changed. Rerun to get cross-references right.

 ) 
Here is how much of TeX's memory you used:
 2853 strings out of 473681
 44546 string characters out of 5718719
 460358 words of memory out of 5000000
 25938 multiletter control sequences out of 15000+600000
 562561 words of font info for 52 fonts, out of 8000000 for 9000
 1141 hyphenation exceptions out of 8191
 57i,12n,65p,733b,290s stack positions out of 10000i,1000n,20000p,200000b,200000s
<C:/Users/Marcin/AppData/Local/Programs/MiKTeX/fonts/type1/public/amsfonts/cm/cmbx12.pfb><C:/Users/Marcin/AppData/Local/Programs/MiKTeX/fonts/type1/public/amsfonts/cm/cmex10.pfb><C:/Users/Marcin/AppData/Local/Programs/MiKTeX/fonts/type1/public/amsfonts/cm/cmmi12.pfb><C:/Users/Marcin/AppData/Local/Programs/MiKTeX/fonts/type1/public/amsfonts/cm/cmmi6.pfb><C:/Users/Marcin/AppData/Local/Programs/MiKTeX/fonts/type1/public/amsfonts/cm/cmmi8.pfb><C:/Users/Marcin/AppData/Local/Programs/MiKTeX/fonts/type1/public/amsfonts/cm/cmr12.pfb><C:/Users/Marcin/AppData/Local/Programs/MiKTeX/fonts/type1/public/amsfonts/cm/cmr6.pfb><C:/Users/Marcin/AppData/Local/Programs/MiKTeX/fonts/type1/public/amsfonts/cm/cmr8.pfb><C:/Users/Marcin/AppData/Local/Programs/MiKTeX/fonts/type1/public/amsfonts/cm/cmsy10.pfb><C:/Users/Marcin/AppData/Local/Programs/MiKTeX/fonts/type1/public/amsfonts/cm/cmsy8.pfb><C:/Users/Marcin/AppData/Local/Programs/MiKTeX/fonts/type1/public/amsfonts/cm/cmtt12.pfb>
Output written on main.pdf (20 pages, 1733368 bytes).
PDF statistics:
 156 PDF objects out of 1000 (max. 8388607)
 0 named destinations out of 1000 (max. 500000)
 46 words of extra memory for PDF output out of 10000 (max. 10000000)

